[hook] main struct allocated at 0x5629bd08b2b0
[hook] mmap(0x7fe3dc057000, 27, 7, 34, -1, 0)
[hook] mmap(0x7fe3dc056000, 42, 7, 34, -1, 0)
[hook] mmap(0x7fe3dc055000, 25, 7, 34, -1, 0)
[hook] mmap(0x7fe3dc054000, 18, 7, 34, -1, 0)
[hook] mmap(0x7fe3dc053000, 56, 7, 34, -1, 0)
[hook] mmap(0x7fe3dc052000, 179, 7, 34, -1, 0)
[hook] mmap(0x7fe3dc051000, 37, 7, 34, -1, 0)
[hook] mmap(0x7fe3dc050000, 20, 7, 34, -1, 0)
[hook] mmap(0x7fe3dbe3a000, 59, 7, 34, -1, 0)
[hook] mmap(0x7fe3dbe39000, 53, 7, 34, -1, 0)
[hook] mmap(0x7fe3dbe38000, 40, 7, 34, -1, 0)
[hook] mmap(0x7fe3dbe37000, 32, 7, 34, -1, 0)
[hook] mmap(0x7fe3dbe36000, 20, 7, 34, -1, 0)
[hook] mmap(0x7fe3dbe35000, 37, 7, 34, -1, 0)
[hook] mmap(0x7fe3dbe34000, 50, 7, 34, -1, 0)
[hook] mmap(0x7fe3dbe33000, 33, 7, 34, -1, 0)
[hook] mmap(0x7fe3dbe32000, 37, 7, 34, -1, 0)
[hook] mmap(0x7fe3dbe31000, 36, 7, 34, -1, 0)
[hook] mmap(0x7fe3dbe30000, 21, 7, 34, -1, 0)
[hook] mmap(0x7fe3dbe2f000, 37, 7, 34, -1, 0)
[hook] mmap(0x7fe3dbe2e000, 36, 7, 34, -1, 0)
[hook] mmap(0x7fe3dbe2d000, 25, 7, 34, -1, 0)
[hook] mmap(0x7fe3dbe2c000, 27, 7, 34, -1, 0)
[hook] mmap(0x7fe3dbe2b000, 32, 7, 34, -1, 0)
=======================
vvm v0.0.3
=======================
What is the password: Incorrect :(
